
=== Wed Jun 12 14:03:05 2024

Packages were changed.
Update Mode: updateDependencies

The following packages were added:
  com.unity.2d.sprite@1.0.0
  com.unity.2d.tilemap@1.0.0
  com.unity.ads@4.4.2
  com.unity.analytics@3.8.1
  com.unity.purchasing@4.11.0
  com.unity.xr.legacyinputhelpers@2.1.10
  com.unity.ai.navigation@1.1.5
The following packages were updated:
  com.unity.collab-proxy from version 1.15.18 to 2.3.1
  com.unity.ide.rider from version 3.0.14 to 3.0.28
  com.unity.ide.visualstudio from version 2.0.15 to 2.0.22
  com.unity.test-framework from version 1.1.31 to 1.1.33
  com.unity.timeline from version 1.6.4 to 1.7.6
  com.unity.visualscripting from version 1.7.8 to 1.9.4
  com.unity.xr.management from version 4.2.1 to 4.4.0
  com.unity.xr.oculus from version 3.0.2 to 4.2.0
